<?xml version="1.0" encoding="UTF-8"?>
<!-- Generated by org.testng.reporters.JUnitReportReporter -->
<testsuite hostname="OZL9804W" failures="0" tests="3" name="files.DynamicJson" time="2.844" errors="0" timestamp="2024-02-15T08:03:26 IST" skipped="0">
  <testcase classname="files.DynamicJson" name="addBook" time="0.146"/>
  <testcase classname="files.DynamicJson" name="addBook" time="0.150"/>
  <testcase classname="files.DynamicJson" name="addBook" time="2.548"/>
</testsuite> <!-- files.DynamicJson -->
