<?xml version="1.0" encoding="UTF-8"?>
<!-- Generated by org.testng.reporters.JUnitReportReporter -->
<testsuite hostname="OZL9804W" failures="0" tests="1" name="SumValidation" time="1.988" errors="0" timestamp="2024-02-13T17:25:56 IST" skipped="0">
  <testcase classname="SumValidation" name="SumOfCources" time="1.988"/>
</testsuite> <!-- SumValidation -->
